[1] "pH.h2o"

Partition of variance in RDA 

Call: varpart(Y = sqrt(nem.taxa[-9, ]), X = ~RateM[-9], soil.chem[-9, i])

Explanatory tables:
X1:  ~RateM[-9]
X2:  soil.chem[-9, i] 

No. of explanatory tables: 2 
Total variation (SS): 6087.3 
            Variance: 217.4 
No. of observations: 29 

Partition table:
                     Df R.squared Adj.R.squared Testable
[a+b] = X1            1   0.51890       0.50108     TRUE
[b+c] = X2            1   0.41875       0.39723     TRUE
[a+b+c] = X1+X2       2   0.56707       0.53376     TRUE
Individual fractions                                    
[a] = X1|X2           1                 0.13654     TRUE
[b]                   0                 0.36454    FALSE
[c] = X2|X1           1                 0.03269     TRUE
[d] = Residuals                         0.46624    FALSE
---
Use function ‘rda’ to test significance of fractions of interest
Permutation test for rda under reduced model
Permutation: free
Number of permutations: 999

Model: rda(formula = sqrt(nem.taxa[-9, ]) ~ soil.chem[-9, i] + Condition(RateM[-9]))
         Df Variance      F Pr(>F)  
Model     1   10.472 2.8928  0.047 *
Residual 26   94.121                
---
Signif. codes:  0 ‘***’ 0.001 ‘**’ 0.01 ‘*’ 0.05 ‘.’ 0.1 ‘ ’ 1
[1] "pH.cacl2"

Partition of variance in RDA 

Call: varpart(Y = sqrt(nem.taxa[-9, ]), X = ~RateM[-9], soil.chem[-9, i])

Explanatory tables:
X1:  ~RateM[-9]
X2:  soil.chem[-9, i] 

No. of explanatory tables: 2 
Total variation (SS): 6087.3 
            Variance: 217.4 
No. of observations: 29 

Partition table:
                     Df R.squared Adj.R.squared Testable
[a+b] = X1            1   0.51890       0.50108     TRUE
[b+c] = X2            1   0.42319       0.40183     TRUE
[a+b+c] = X1+X2       2   0.54415       0.50909     TRUE
Individual fractions                                    
[a] = X1|X2           1                 0.10726     TRUE
[b]                   0                 0.39382    FALSE
[c] = X2|X1           1                 0.00801     TRUE
[d] = Residuals                         0.49091    FALSE
---
Use function ‘rda’ to test significance of fractions of interest
Permutation test for rda under reduced model
Permutation: free
Number of permutations: 999

Model: rda(formula = sqrt(nem.taxa[-9, ]) ~ soil.chem[-9, i] + Condition(RateM[-9]))
         Df Variance      F Pr(>F)
Model     1    5.491 1.4406  0.211
Residual 26   99.102              
[1] "NO3.N"

Partition of variance in RDA 

Call: varpart(Y = sqrt(nem.taxa[-9, ]), X = ~RateM[-9], soil.chem[-9, i])

Explanatory tables:
X1:  ~RateM[-9]
X2:  soil.chem[-9, i] 

No. of explanatory tables: 2 
Total variation (SS): 6087.3 
            Variance: 217.4 
No. of observations: 29 

Partition table:
                     Df R.squared Adj.R.squared Testable
[a+b] = X1            1   0.51890       0.50108     TRUE
[b+c] = X2            1   0.34895       0.32484     TRUE
[a+b+c] = X1+X2       2   0.55087       0.51632     TRUE
Individual fractions                                    
[a] = X1|X2           1                 0.19148     TRUE
[b]                   0                 0.30960    FALSE
[c] = X2|X1           1                 0.01524     TRUE
[d] = Residuals                         0.48368    FALSE
---
Use function ‘rda’ to test significance of fractions of interest
Permutation test for rda under reduced model
Permutation: free
Number of permutations: 999

Model: rda(formula = sqrt(nem.taxa[-9, ]) ~ soil.chem[-9, i] + Condition(RateM[-9]))
         Df Variance      F Pr(>F)
Model     1    6.951 1.8509  0.116
Residual 26   97.642              
[1] "CN"

Partition of variance in RDA 

Call: varpart(Y = sqrt(nem.taxa[-9, ]), X = ~RateM[-9], soil.chem[-9, i])

Explanatory tables:
X1:  ~RateM[-9]
X2:  soil.chem[-9, i] 

No. of explanatory tables: 2 
Total variation (SS): 6087.3 
            Variance: 217.4 
No. of observations: 29 

Partition table:
                     Df R.squared Adj.R.squared Testable
[a+b] = X1            1   0.51890       0.50108     TRUE
[b+c] = X2            1   0.07639       0.04218     TRUE
[a+b+c] = X1+X2       2   0.57600       0.54338     TRUE
Individual fractions                                    
[a] = X1|X2           1                 0.50120     TRUE
[b]                   0                -0.00012    FALSE
[c] = X2|X1           1                 0.04230     TRUE
[d] = Residuals                         0.45662    FALSE
---
Use function ‘rda’ to test significance of fractions of interest
Permutation test for rda under reduced model
Permutation: free
Number of permutations: 999

Model: rda(formula = sqrt(nem.taxa[-9, ]) ~ soil.chem[-9, i] + Condition(RateM[-9]))
         Df Variance      F Pr(>F)  
Model     1   12.414 3.5014   0.02 *
Residual 26   92.179                
---
Signif. codes:  0 ‘***’ 0.001 ‘**’ 0.01 ‘*’ 0.05 ‘.’ 0.1 ‘ ’ 1
[1] "CEC"

Partition of variance in RDA 

Call: varpart(Y = sqrt(nem.taxa[-9, ]), X = ~RateM[-9], soil.chem[-9, i])

Explanatory tables:
X1:  ~RateM[-9]
X2:  soil.chem[-9, i] 

No. of explanatory tables: 2 
Total variation (SS): 6087.3 
            Variance: 217.4 
No. of observations: 29 

Partition table:
                     Df R.squared Adj.R.squared Testable
[a+b] = X1            1   0.51890       0.50108     TRUE
[b+c] = X2            1   0.39223       0.36972     TRUE
[a+b+c] = X1+X2       2   0.53699       0.50138     TRUE
Individual fractions                                    
[a] = X1|X2           1                 0.13166     TRUE
[b]                   0                 0.36942    FALSE
[c] = X2|X1           1                 0.00030     TRUE
[d] = Residuals                         0.49862    FALSE
---
Use function ‘rda’ to test significance of fractions of interest
Permutation test for rda under reduced model
Permutation: free
Number of permutations: 999

Model: rda(formula = sqrt(nem.taxa[-9, ]) ~ soil.chem[-9, i] + Condition(RateM[-9]))
         Df Variance      F Pr(>F)
Model     1    3.934 1.0161  0.317
Residual 26  100.659              
[1] "ESP"

Partition of variance in RDA 

Call: varpart(Y = sqrt(nem.taxa[-9, ]), X = ~RateM[-9], soil.chem[-9, i])

Explanatory tables:
X1:  ~RateM[-9]
X2:  soil.chem[-9, i] 

No. of explanatory tables: 2 
Total variation (SS): 6087.3 
            Variance: 217.4 
No. of observations: 29 

Partition table:
                     Df R.squared Adj.R.squared Testable
[a+b] = X1            1   0.51890       0.50108     TRUE
[b+c] = X2            1   0.10171       0.06844     TRUE
[a+b+c] = X1+X2       2   0.57032       0.53727     TRUE
Individual fractions                                    
[a] = X1|X2           1                 0.46883     TRUE
[b]                   0                 0.03225    FALSE
[c] = X2|X1           1                 0.03619     TRUE
[d] = Residuals                         0.46273    FALSE
---
Use function ‘rda’ to test significance of fractions of interest
Permutation test for rda under reduced model
Permutation: free
Number of permutations: 999

Model: rda(formula = sqrt(nem.taxa[-9, ]) ~ soil.chem[-9, i] + Condition(RateM[-9]))
         Df Variance      F Pr(>F)  
Model     1   11.179 3.1115  0.036 *
Residual 26   93.414                
---
Signif. codes:  0 ‘***’ 0.001 ‘**’ 0.01 ‘*’ 0.05 ‘.’ 0.1 ‘ ’ 1
[1] "EC"

Partition of variance in RDA 

Call: varpart(Y = sqrt(nem.taxa[-9, ]), X = ~RateM[-9], soil.chem[-9, i])

Explanatory tables:
X1:  ~RateM[-9]
X2:  soil.chem[-9, i] 

No. of explanatory tables: 2 
Total variation (SS): 6087.3 
            Variance: 217.4 
No. of observations: 29 

Partition table:
                     Df R.squared Adj.R.squared Testable
[a+b] = X1            1   0.51890       0.50108     TRUE
[b+c] = X2            1   0.09676       0.06330     TRUE
[a+b+c] = X1+X2       2   0.53886       0.50338     TRUE
Individual fractions                                    
[a] = X1|X2           1                 0.44008     TRUE
[b]                   0                 0.06100    FALSE
[c] = X2|X1           1                 0.00231     TRUE
[d] = Residuals                         0.49662    FALSE
---
Use function ‘rda’ to test significance of fractions of interest
Permutation test for rda under reduced model
Permutation: free
Number of permutations: 999

Model: rda(formula = sqrt(nem.taxa[-9, ]) ~ soil.chem[-9, i] + Condition(RateM[-9]))
         Df Variance      F Pr(>F)
Model     1    4.339 1.1253  0.273
Residual 26  100.254              
[1] "OM"

Partition of variance in RDA 

Call: varpart(Y = sqrt(nem.taxa[-9, ]), X = ~RateM[-9], soil.chem[-9, i])

Explanatory tables:
X1:  ~RateM[-9]
X2:  soil.chem[-9, i] 

No. of explanatory tables: 2 
Total variation (SS): 6087.3 
            Variance: 217.4 
No. of observations: 29 

Partition table:
                     Df R.squared Adj.R.squared Testable
[a+b] = X1            1   0.51890       0.50108     TRUE
[b+c] = X2            1   0.05658       0.02164     TRUE
[a+b+c] = X1+X2       2   0.56326       0.52967     TRUE
Individual fractions                                    
[a] = X1|X2           1                 0.50803     TRUE
[b]                   0                -0.00695    FALSE
[c] = X2|X1           1                 0.02859     TRUE
[d] = Residuals                         0.47033    FALSE
---
Use function ‘rda’ to test significance of fractions of interest
Permutation test for rda under reduced model
Permutation: free
Number of permutations: 999

Model: rda(formula = sqrt(nem.taxa[-9, ]) ~ soil.chem[-9, i] + Condition(RateM[-9]))
         Df Variance      F Pr(>F)  
Model     1    9.645 2.6412  0.063 .
Residual 26   94.948                
---
Signif. codes:  0 ‘***’ 0.001 ‘**’ 0.01 ‘*’ 0.05 ‘.’ 0.1 ‘ ’ 1
[1] "OrgC"

Partition of variance in RDA 

Call: varpart(Y = sqrt(nem.taxa[-9, ]), X = ~RateM[-9], soil.chem[-9, i])

Explanatory tables:
X1:  ~RateM[-9]
X2:  soil.chem[-9, i] 

No. of explanatory tables: 2 
Total variation (SS): 6087.3 
            Variance: 217.4 
No. of observations: 29 

Partition table:
                     Df R.squared Adj.R.squared Testable
[a+b] = X1            1   0.51890       0.50108     TRUE
[b+c] = X2            1   0.04508       0.00971     TRUE
[a+b+c] = X1+X2       2   0.55363       0.51929     TRUE
Individual fractions                                    
[a] = X1|X2           1                 0.50958     TRUE
[b]                   0                -0.00851    FALSE
[c] = X2|X1           1                 0.01822     TRUE
[d] = Residuals                         0.48071    FALSE
---
Use function ‘rda’ to test significance of fractions of interest
Permutation test for rda under reduced model
Permutation: free
Number of permutations: 999

Model: rda(formula = sqrt(nem.taxa[-9, ]) ~ soil.chem[-9, i] + Condition(RateM[-9]))
         Df Variance      F Pr(>F)
Model     1    7.551 2.0231  0.107
Residual 26   97.042              
[1] "TC"

Partition of variance in RDA 

Call: varpart(Y = sqrt(nem.taxa[-9, ]), X = ~RateM[-9], soil.chem[-9, i])

Explanatory tables:
X1:  ~RateM[-9]
X2:  soil.chem[-9, i] 

No. of explanatory tables: 2 
Total variation (SS): 6087.3 
            Variance: 217.4 
No. of observations: 29 

Partition table:
                     Df R.squared Adj.R.squared Testable
[a+b] = X1            1   0.51890       0.50108     TRUE
[b+c] = X2            1   0.03705       0.00138     TRUE
[a+b+c] = X1+X2       2   0.55708       0.52301     TRUE
Individual fractions                                    
[a] = X1|X2           1                 0.52163     TRUE
[b]                   0                -0.02055    FALSE
[c] = X2|X1           1                 0.02193     TRUE
[d] = Residuals                         0.47699    FALSE
---
Use function ‘rda’ to test significance of fractions of interest
Permutation test for rda under reduced model
Permutation: free
Number of permutations: 999

Model: rda(formula = sqrt(nem.taxa[-9, ]) ~ soil.chem[-9, i] + Condition(RateM[-9]))
         Df Variance      F Pr(>F)  
Model     1    8.301 2.2414  0.088 .
Residual 26   96.292                
---
Signif. codes:  0 ‘***’ 0.001 ‘**’ 0.01 ‘*’ 0.05 ‘.’ 0.1 ‘ ’ 1
[1] "TN"

Partition of variance in RDA 

Call: varpart(Y = sqrt(nem.taxa[-9, ]), X = ~RateM[-9], soil.chem[-9, i])

Explanatory tables:
X1:  ~RateM[-9]
X2:  soil.chem[-9, i] 

No. of explanatory tables: 2 
Total variation (SS): 6087.3 
            Variance: 217.4 
No. of observations: 29 

Partition table:
                     Df R.squared Adj.R.squared Testable
[a+b] = X1            1   0.51890       0.50108     TRUE
[b+c] = X2            1   0.01204      -0.02455     TRUE
[a+b+c] = X1+X2       2   0.52873       0.49248     TRUE
Individual fractions                                    
[a] = X1|X2           1                 0.51703     TRUE
[b]                   0                -0.01595    FALSE
[c] = X2|X1           1                -0.00860     TRUE
[d] = Residuals                         0.50752    FALSE
---
Use function ‘rda’ to test significance of fractions of interest
Permutation test for rda under reduced model
Permutation: free
Number of permutations: 999

Model: rda(formula = sqrt(nem.taxa[-9, ]) ~ soil.chem[-9, i] + Condition(RateM[-9]))
         Df Variance      F Pr(>F)
Model     1    2.138 0.5426  0.647
Residual 26  102.455              
[1] "CaMg"

Partition of variance in RDA 

Call: varpart(Y = sqrt(nem.taxa[-9, ]), X = ~RateM[-9], soil.chem[-9, i])

Explanatory tables:
X1:  ~RateM[-9]
X2:  soil.chem[-9, i] 

No. of explanatory tables: 2 
Total variation (SS): 6087.3 
            Variance: 217.4 
No. of observations: 29 

Partition table:
                     Df R.squared Adj.R.squared Testable
[a+b] = X1            1   0.51890       0.50108     TRUE
[b+c] = X2            1   0.22897       0.20042     TRUE
[a+b+c] = X1+X2       2   0.52649       0.49006     TRUE
Individual fractions                                    
[a] = X1|X2           1                 0.28964     TRUE
[b]                   0                 0.21144    FALSE
[c] = X2|X1           1                -0.01102     TRUE
[d] = Residuals                         0.50994    FALSE
---
Use function ‘rda’ to test significance of fractions of interest
Permutation test for rda under reduced model
Permutation: free
Number of permutations: 999

Model: rda(formula = sqrt(nem.taxa[-9, ]) ~ soil.chem[-9, i] + Condition(RateM[-9]))
         Df Variance      F Pr(>F)
Model     1     1.65 0.4167  0.782
Residual 26   102.94              
[1] "Cl"

Partition of variance in RDA 

Call: varpart(Y = sqrt(nem.taxa[-9, ]), X = ~RateM[-9], soil.chem[-9, i])

Explanatory tables:
X1:  ~RateM[-9]
X2:  soil.chem[-9, i] 

No. of explanatory tables: 2 
Total variation (SS): 6087.3 
            Variance: 217.4 
No. of observations: 29 

Partition table:
                     Df R.squared Adj.R.squared Testable
[a+b] = X1            1   0.51890       0.50108     TRUE
[b+c] = X2            1   0.05651       0.02157     TRUE
[a+b+c] = X1+X2       2   0.52436       0.48777     TRUE
Individual fractions                                    
[a] = X1|X2           1                 0.46620     TRUE
[b]                   0                 0.03488    FALSE
[c] = X2|X1           1                -0.01331     TRUE
[d] = Residuals                         0.51223    FALSE
---
Use function ‘rda’ to test significance of fractions of interest
Permutation test for rda under reduced model
Permutation: free
Number of permutations: 999

Model: rda(formula = sqrt(nem.taxa[-9, ]) ~ soil.chem[-9, i] + Condition(RateM[-9]))
         Df Variance      F Pr(>F)
Model     1    1.187 0.2984  0.898
Residual 26  103.406              
[1] "PBI"

Partition of variance in RDA 

Call: varpart(Y = sqrt(nem.taxa[-9, ]), X = ~RateM[-9], soil.chem[-9, i])

Explanatory tables:
X1:  ~RateM[-9]
X2:  soil.chem[-9, i] 

No. of explanatory tables: 2 
Total variation (SS): 6087.3 
            Variance: 217.4 
No. of observations: 29 

Partition table:
                     Df R.squared Adj.R.squared Testable
[a+b] = X1            1   0.51890       0.50108     TRUE
[b+c] = X2            1   0.05346       0.01840     TRUE
[a+b+c] = X1+X2       2   0.53647       0.50082     TRUE
Individual fractions                                    
[a] = X1|X2           1                 0.48242     TRUE
[b]                   0                 0.01866    FALSE
[c] = X2|X1           1                -0.00026     TRUE
[d] = Residuals                         0.49918    FALSE
---
Use function ‘rda’ to test significance of fractions of interest
Permutation test for rda under reduced model
Permutation: free
Number of permutations: 999

Model: rda(formula = sqrt(nem.taxa[-9, ]) ~ soil.chem[-9, i] + Condition(RateM[-9]))
         Df Variance      F Pr(>F)
Model     1    3.821 0.9858  0.371
Residual 26  100.772              
[1] "P.colwell"

Partition of variance in RDA 

Call: varpart(Y = sqrt(nem.taxa[-9, ]), X = ~RateM[-9], soil.chem[-9, i])

Explanatory tables:
X1:  ~RateM[-9]
X2:  soil.chem[-9, i] 

No. of explanatory tables: 2 
Total variation (SS): 6087.3 
            Variance: 217.4 
No. of observations: 29 

Partition table:
                     Df R.squared Adj.R.squared Testable
[a+b] = X1            1   0.51890       0.50108     TRUE
[b+c] = X2            1   0.01240      -0.02418     TRUE
[a+b+c] = X1+X2       2   0.54249       0.50730     TRUE
Individual fractions                                    
[a] = X1|X2           1                 0.53148     TRUE
[b]                   0                -0.03040    FALSE
[c] = X2|X1           1                 0.00622     TRUE
[d] = Residuals                         0.49270    FALSE
---
Use function ‘rda’ to test significance of fractions of interest
Permutation test for rda under reduced model
Permutation: free
Number of permutations: 999

Model: rda(formula = sqrt(nem.taxa[-9, ]) ~ soil.chem[-9, i] + Condition(RateM[-9]))
         Df Variance      F Pr(>F)
Model     1    5.130 1.3411  0.225
Residual 26   99.463              
[1] "K.avail"

Partition of variance in RDA 

Call: varpart(Y = sqrt(nem.taxa[-9, ]), X = ~RateM[-9], soil.chem[-9, i])

Explanatory tables:
X1:  ~RateM[-9]
X2:  soil.chem[-9, i] 

No. of explanatory tables: 2 
Total variation (SS): 6087.3 
            Variance: 217.4 
No. of observations: 29 

Partition table:
                     Df R.squared Adj.R.squared Testable
[a+b] = X1            1    0.5189       0.50108     TRUE
[b+c] = X2            1    0.3513       0.32728     TRUE
[a+b+c] = X1+X2       2    0.5392       0.50375     TRUE
Individual fractions                                    
[a] = X1|X2           1                 0.17648     TRUE
[b]                   0                 0.32460    FALSE
[c] = X2|X1           1                 0.00268     TRUE
[d] = Residuals                         0.49625    FALSE
---
Use function ‘rda’ to test significance of fractions of interest
Permutation test for rda under reduced model
Permutation: free
Number of permutations: 999

Model: rda(formula = sqrt(nem.taxa[-9, ]) ~ soil.chem[-9, i] + Condition(RateM[-9]))
         Df Variance      F Pr(>F)
Model     1    4.414 1.1456  0.276
Residual 26  100.179              
[1] "K.amm.ace"

Partition of variance in RDA 

Call: varpart(Y = sqrt(nem.taxa[-9, ]), X = ~RateM[-9], soil.chem[-9, i])

Explanatory tables:
X1:  ~RateM[-9]
X2:  soil.chem[-9, i] 

No. of explanatory tables: 2 
Total variation (SS): 6087.3 
            Variance: 217.4 
No. of observations: 29 

Partition table:
                     Df R.squared Adj.R.squared Testable
[a+b] = X1            1   0.51890       0.50108     TRUE
[b+c] = X2            1   0.34971       0.32562     TRUE
[a+b+c] = X1+X2       2   0.53866       0.50318     TRUE
Individual fractions                                    
[a] = X1|X2           1                 0.17756     TRUE
[b]                   0                 0.32352    FALSE
[c] = X2|X1           1                 0.00210     TRUE
[d] = Residuals                         0.49682    FALSE
---
Use function ‘rda’ to test significance of fractions of interest
Permutation test for rda under reduced model
Permutation: free
Number of permutations: 999

Model: rda(formula = sqrt(nem.taxa[-9, ]) ~ soil.chem[-9, i] + Condition(RateM[-9]))
         Df Variance      F Pr(>F)
Model     1    4.298 1.1141   0.29
Residual 26  100.295              
[1] "Ca.amm.ace"

Partition of variance in RDA 

Call: varpart(Y = sqrt(nem.taxa[-9, ]), X = ~RateM[-9], soil.chem[-9, i])

Explanatory tables:
X1:  ~RateM[-9]
X2:  soil.chem[-9, i] 

No. of explanatory tables: 2 
Total variation (SS): 6087.3 
            Variance: 217.4 
No. of observations: 29 

Partition table:
                     Df R.squared Adj.R.squared Testable
[a+b] = X1            1   0.51890       0.50108     TRUE
[b+c] = X2            1   0.41959       0.39809     TRUE
[a+b+c] = X1+X2       2   0.54347       0.50835     TRUE
Individual fractions                                    
[a] = X1|X2           1                 0.11026     TRUE
[b]                   0                 0.39082    FALSE
[c] = X2|X1           1                 0.00727     TRUE
[d] = Residuals                         0.49165    FALSE
---
Use function ‘rda’ to test significance of fractions of interest
Permutation test for rda under reduced model
Permutation: free
Number of permutations: 999

Model: rda(formula = sqrt(nem.taxa[-9, ]) ~ soil.chem[-9, i] + Condition(RateM[-9]))
         Df Variance      F Pr(>F)
Model     1    5.342 1.3994  0.217
Residual 26   99.251              
[1] "Mg.amm.ace"

Partition of variance in RDA 

Call: varpart(Y = sqrt(nem.taxa[-9, ]), X = ~RateM[-9], soil.chem[-9, i])

Explanatory tables:
X1:  ~RateM[-9]
X2:  soil.chem[-9, i] 

No. of explanatory tables: 2 
Total variation (SS): 6087.3 
            Variance: 217.4 
No. of observations: 29 

Partition table:
                     Df R.squared Adj.R.squared Testable
[a+b] = X1            1   0.51890       0.50108     TRUE
[b+c] = X2            1   0.20368       0.17419     TRUE
[a+b+c] = X1+X2       2   0.53987       0.50448     TRUE
Individual fractions                                    
[a] = X1|X2           1                 0.33029     TRUE
[b]                   0                 0.17079    FALSE
[c] = X2|X1           1                 0.00340     TRUE
[d] = Residuals                         0.49552    FALSE
---
Use function ‘rda’ to test significance of fractions of interest
Permutation test for rda under reduced model
Permutation: free
Number of permutations: 999

Model: rda(formula = sqrt(nem.taxa[-9, ]) ~ soil.chem[-9, i] + Condition(RateM[-9]))
         Df Variance      F Pr(>F)
Model     1     4.56 1.1853   0.26
Residual 26   100.03              
[1] "Na.amm.ace"

Partition of variance in RDA 

Call: varpart(Y = sqrt(nem.taxa[-9, ]), X = ~RateM[-9], soil.chem[-9, i])

Explanatory tables:
X1:  ~RateM[-9]
X2:  soil.chem[-9, i] 

No. of explanatory tables: 2 
Total variation (SS): 6087.3 
            Variance: 217.4 
No. of observations: 29 

Partition table:
                     Df R.squared Adj.R.squared Testable
[a+b] = X1            1   0.51890       0.50108     TRUE
[b+c] = X2            1   0.13715       0.10519     TRUE
[a+b+c] = X1+X2       2   0.54294       0.50778     TRUE
Individual fractions                                    
[a] = X1|X2           1                 0.40259     TRUE
[b]                   0                 0.09849    FALSE
[c] = X2|X1           1                 0.00670     TRUE
[d] = Residuals                         0.49222    FALSE
---
Use function ‘rda’ to test significance of fractions of interest
Permutation test for rda under reduced model
Permutation: free
Number of permutations: 999

Model: rda(formula = sqrt(nem.taxa[-9, ]) ~ soil.chem[-9, i] + Condition(RateM[-9]))
         Df Variance      F Pr(>F)
Model     1    5.227 1.3676  0.244
Residual 26   99.366              
[1] "Al.KCl"

Partition of variance in RDA 

Call: varpart(Y = sqrt(nem.taxa[-9, ]), X = ~RateM[-9], soil.chem[-9, i])

Explanatory tables:
X1:  ~RateM[-9]
X2:  soil.chem[-9, i] 

No. of explanatory tables: 2 
Total variation (SS): 6087.3 
            Variance: 217.4 
No. of observations: 29 

Partition table:
                     Df R.squared Adj.R.squared Testable
[a+b] = X1            1   0.51890       0.50108     TRUE
[b+c] = X2            1   0.57303       0.55722     TRUE
[a+b+c] = X1+X2       2   0.66134       0.63529     TRUE
Individual fractions                                    
[a] = X1|X2           1                 0.07807     TRUE
[b]                   0                 0.42301    FALSE
[c] = X2|X1           1                 0.13421     TRUE
[d] = Residuals                         0.36471    FALSE
---
Use function ‘rda’ to test significance of fractions of interest
Permutation test for rda under reduced model
Permutation: free
Number of permutations: 999

Model: rda(formula = sqrt(nem.taxa[-9, ]) ~ soil.chem[-9, i] + Condition(RateM[-9]))
         Df Variance      F Pr(>F)    
Model     1   30.967 10.935  0.001 ***
Residual 26   73.626                  
---
Signif. codes:  0 ‘***’ 0.001 ‘**’ 0.01 ‘*’ 0.05 ‘.’ 0.1 ‘ ’ 1
[1] "Al.sat"

Partition of variance in RDA 

Call: varpart(Y = sqrt(nem.taxa[-9, ]), X = ~RateM[-9], soil.chem[-9, i])

Explanatory tables:
X1:  ~RateM[-9]
X2:  soil.chem[-9, i] 

No. of explanatory tables: 2 
Total variation (SS): 6087.3 
            Variance: 217.4 
No. of observations: 29 

Partition table:
                     Df R.squared Adj.R.squared Testable
[a+b] = X1            1   0.51890       0.50108     TRUE
[b+c] = X2            1   0.54233       0.52538     TRUE
[a+b+c] = X1+X2       2   0.64225       0.61473     TRUE
Individual fractions                                    
[a] = X1|X2           1                 0.08936     TRUE
[b]                   0                 0.41172    FALSE
[c] = X2|X1           1                 0.11365     TRUE
[d] = Residuals                         0.38527    FALSE
---
Use function ‘rda’ to test significance of fractions of interest
Permutation test for rda under reduced model
Permutation: free
Number of permutations: 999

Model: rda(formula = sqrt(nem.taxa[-9, ]) ~ soil.chem[-9, i] + Condition(RateM[-9]))
         Df Variance      F Pr(>F)   
Model     1   26.818 8.9651  0.002 **
Residual 26   77.775                 
---
Signif. codes:  0 ‘***’ 0.001 ‘**’ 0.01 ‘*’ 0.05 ‘.’ 0.1 ‘ ’ 1
[1] "Al.ppm"

Partition of variance in RDA 

Call: varpart(Y = sqrt(nem.taxa[-9, ]), X = ~RateM[-9], soil.chem[-9, i])

Explanatory tables:
X1:  ~RateM[-9]
X2:  soil.chem[-9, i] 

No. of explanatory tables: 2 
Total variation (SS): 6087.3 
            Variance: 217.4 
No. of observations: 29 

Partition table:
                     Df R.squared Adj.R.squared Testable
[a+b] = X1            1   0.51890       0.50108     TRUE
[b+c] = X2            1   0.57633       0.56064     TRUE
[a+b+c] = X1+X2       2   0.66273       0.63678     TRUE
Individual fractions                                    
[a] = X1|X2           1                 0.07614     TRUE
[b]                   0                 0.42494    FALSE
[c] = X2|X1           1                 0.13571     TRUE
[d] = Residuals                         0.36322    FALSE
---
Use function ‘rda’ to test significance of fractions of interest
Permutation test for rda under reduced model
Permutation: free
Number of permutations: 999

Model: rda(formula = sqrt(nem.taxa[-9, ]) ~ soil.chem[-9, i] + Condition(RateM[-9]))
         Df Variance      F Pr(>F)    
Model     1   31.269 11.088  0.001 ***
Residual 26   73.323                  
---
Signif. codes:  0 ‘***’ 0.001 ‘**’ 0.01 ‘*’ 0.05 ‘.’ 0.1 ‘ ’ 1
[1] "Cu"

Partition of variance in RDA 

Call: varpart(Y = sqrt(nem.taxa[-9, ]), X = ~RateM[-9], soil.chem[-9, i])

Explanatory tables:
X1:  ~RateM[-9]
X2:  soil.chem[-9, i] 

No. of explanatory tables: 2 
Total variation (SS): 6087.3 
            Variance: 217.4 
No. of observations: 29 

Partition table:
                     Df R.squared Adj.R.squared Testable
[a+b] = X1            1   0.51890       0.50108     TRUE
[b+c] = X2            1   0.15060       0.11915     TRUE
[a+b+c] = X1+X2       2   0.59936       0.56854     TRUE
Individual fractions                                    
[a] = X1|X2           1                 0.44940     TRUE
[b]                   0                 0.05168    FALSE
[c] = X2|X1           1                 0.06746     TRUE
[d] = Residuals                         0.43146    FALSE
---
Use function ‘rda’ to test significance of fractions of interest
Permutation test for rda under reduced model
Permutation: free
Number of permutations: 999

Model: rda(formula = sqrt(nem.taxa[-9, ]) ~ soil.chem[-9, i] + Condition(RateM[-9]))
         Df Variance      F Pr(>F)   
Model     1   17.493 5.2218  0.007 **
Residual 26   87.100                 
---
Signif. codes:  0 ‘***’ 0.001 ‘**’ 0.01 ‘*’ 0.05 ‘.’ 0.1 ‘ ’ 1
[1] "Fe"

Partition of variance in RDA 

Call: varpart(Y = sqrt(nem.taxa[-9, ]), X = ~RateM[-9], soil.chem[-9, i])

Explanatory tables:
X1:  ~RateM[-9]
X2:  soil.chem[-9, i] 

No. of explanatory tables: 2 
Total variation (SS): 6087.3 
            Variance: 217.4 
No. of observations: 29 

Partition table:
                     Df R.squared Adj.R.squared Testable
[a+b] = X1            1   0.51890       0.50108     TRUE
[b+c] = X2            1   0.38231       0.35944     TRUE
[a+b+c] = X1+X2       2   0.60811       0.57797     TRUE
Individual fractions                                    
[a] = X1|X2           1                 0.21853     TRUE
[b]                   0                 0.28255    FALSE
[c] = X2|X1           1                 0.07689     TRUE
[d] = Residuals                         0.42203    FALSE
---
Use function ‘rda’ to test significance of fractions of interest
Permutation test for rda under reduced model
Permutation: free
Number of permutations: 999

Model: rda(formula = sqrt(nem.taxa[-9, ]) ~ soil.chem[-9, i] + Condition(RateM[-9]))
         Df Variance     F Pr(>F)   
Model     1   19.396 5.919  0.006 **
Residual 26   85.197                
---
Signif. codes:  0 ‘***’ 0.001 ‘**’ 0.01 ‘*’ 0.05 ‘.’ 0.1 ‘ ’ 1
[1] "Mn"

Partition of variance in RDA 

Call: varpart(Y = sqrt(nem.taxa[-9, ]), X = ~RateM[-9], soil.chem[-9, i])

Explanatory tables:
X1:  ~RateM[-9]
X2:  soil.chem[-9, i] 

No. of explanatory tables: 2 
Total variation (SS): 6087.3 
            Variance: 217.4 
No. of observations: 29 

Partition table:
                     Df R.squared Adj.R.squared Testable
[a+b] = X1            1   0.51890       0.50108     TRUE
[b+c] = X2            1   0.05917       0.02433     TRUE
[a+b+c] = X1+X2       2   0.59041       0.55891     TRUE
Individual fractions                                    
[a] = X1|X2           1                 0.53458     TRUE
[b]                   0                -0.03350    FALSE
[c] = X2|X1           1                 0.05783     TRUE
[d] = Residuals                         0.44109    FALSE
---
Use function ‘rda’ to test significance of fractions of interest
Permutation test for rda under reduced model
Permutation: free
Number of permutations: 999

Model: rda(formula = sqrt(nem.taxa[-9, ]) ~ soil.chem[-9, i] + Condition(RateM[-9]))
         Df Variance      F Pr(>F)  
Model     1   15.548 4.5397  0.012 *
Residual 26   89.045                
---
Signif. codes:  0 ‘***’ 0.001 ‘**’ 0.01 ‘*’ 0.05 ‘.’ 0.1 ‘ ’ 1
[1] "Zn"

Partition of variance in RDA 

Call: varpart(Y = sqrt(nem.taxa[-9, ]), X = ~RateM[-9], soil.chem[-9, i])

Explanatory tables:
X1:  ~RateM[-9]
X2:  soil.chem[-9, i] 

No. of explanatory tables: 2 
Total variation (SS): 6087.3 
            Variance: 217.4 
No. of observations: 29 

Partition table:
                     Df R.squared Adj.R.squared Testable
[a+b] = X1            1   0.51890       0.50108     TRUE
[b+c] = X2            1   0.23106       0.20258     TRUE
[a+b+c] = X1+X2       2   0.59876       0.56790     TRUE
Individual fractions                                    
[a] = X1|X2           1                 0.36532     TRUE
[b]                   0                 0.13576    FALSE
[c] = X2|X1           1                 0.06682     TRUE
[d] = Residuals                         0.43210    FALSE
---
Use function ‘rda’ to test significance of fractions of interest
Permutation test for rda under reduced model
Permutation: free
Number of permutations: 999

Model: rda(formula = sqrt(nem.taxa[-9, ]) ~ soil.chem[-9, i] + Condition(RateM[-9]))
         Df Variance      F Pr(>F)   
Model     1   17.363 5.1753  0.006 **
Residual 26   87.230                 
---
Signif. codes:  0 ‘***’ 0.001 ‘**’ 0.01 ‘*’ 0.05 ‘.’ 0.1 ‘ ’ 1
[1] "S"

Partition of variance in RDA 

Call: varpart(Y = sqrt(nem.taxa[-9, ]), X = ~RateM[-9], soil.chem[-9, i])

Explanatory tables:
X1:  ~RateM[-9]
X2:  soil.chem[-9, i] 

No. of explanatory tables: 2 
Total variation (SS): 6087.3 
            Variance: 217.4 
No. of observations: 29 

Partition table:
                     Df R.squared Adj.R.squared Testable
[a+b] = X1            1   0.51890       0.50108     TRUE
[b+c] = X2            1   0.03526      -0.00047     TRUE
[a+b+c] = X1+X2       2   0.54224       0.50702     TRUE
Individual fractions                                    
[a] = X1|X2           1                 0.50750     TRUE
[b]                   0                -0.00642    FALSE
[c] = X2|X1           1                 0.00595     TRUE
[d] = Residuals                         0.49298    FALSE
---
Use function ‘rda’ to test significance of fractions of interest
Permutation test for rda under reduced model
Permutation: free
Number of permutations: 999

Model: rda(formula = sqrt(nem.taxa[-9, ]) ~ soil.chem[-9, i] + Condition(RateM[-9]))
         Df Variance      F Pr(>F)
Model     1    5.074 1.3257  0.221
Residual 26   99.519              
[1] "Ca.amm.ace.1"

Partition of variance in RDA 

Call: varpart(Y = sqrt(nem.taxa[-9, ]), X = ~RateM[-9], soil.chem[-9, i])

Explanatory tables:
X1:  ~RateM[-9]
X2:  soil.chem[-9, i] 

No. of explanatory tables: 2 
Total variation (SS): 6087.3 
            Variance: 217.4 
No. of observations: 29 

Partition table:
                     Df R.squared Adj.R.squared Testable
[a+b] = X1            1   0.51890       0.50108     TRUE
[b+c] = X2            1   0.17348       0.14287     TRUE
[a+b+c] = X1+X2       2   0.54198       0.50675     TRUE
Individual fractions                                    
[a] = X1|X2           1                 0.36388     TRUE
[b]                   0                 0.13720    FALSE
[c] = X2|X1           1                 0.00567     TRUE
[d] = Residuals                         0.49325    FALSE
---
Use function ‘rda’ to test significance of fractions of interest
Permutation test for rda under reduced model
Permutation: free
Number of permutations: 999

Model: rda(formula = sqrt(nem.taxa[-9, ]) ~ soil.chem[-9, i] + Condition(RateM[-9]))
         Df Variance      F Pr(>F)
Model     1    5.018 1.3104  0.256
Residual 26   99.574              
[1] "Mg.amm.ace.1"

Partition of variance in RDA 

Call: varpart(Y = sqrt(nem.taxa[-9, ]), X = ~RateM[-9], soil.chem[-9, i])

Explanatory tables:
X1:  ~RateM[-9]
X2:  soil.chem[-9, i] 

No. of explanatory tables: 2 
Total variation (SS): 6087.3 
            Variance: 217.4 
No. of observations: 29 

Partition table:
                     Df R.squared Adj.R.squared Testable
[a+b] = X1            1   0.51890       0.50108     TRUE
[b+c] = X2            1   0.19727       0.16754     TRUE
[a+b+c] = X1+X2       2   0.52484       0.48829     TRUE
Individual fractions                                    
[a] = X1|X2           1                 0.32075     TRUE
[b]                   0                 0.18033    FALSE
[c] = X2|X1           1                -0.01279     TRUE
[d] = Residuals                         0.51171    FALSE
---
Use function ‘rda’ to test significance of fractions of interest
Permutation test for rda under reduced model
Permutation: free
Number of permutations: 999

Model: rda(formula = sqrt(nem.taxa[-9, ]) ~ soil.chem[-9, i] + Condition(RateM[-9]))
         Df Variance      F Pr(>F)
Model     1    1.292 0.3252  0.871
Residual 26  103.301              
[1] "K.amm.ace.1"

Partition of variance in RDA 

Call: varpart(Y = sqrt(nem.taxa[-9, ]), X = ~RateM[-9], soil.chem[-9, i])

Explanatory tables:
X1:  ~RateM[-9]
X2:  soil.chem[-9, i] 

No. of explanatory tables: 2 
Total variation (SS): 6087.3 
            Variance: 217.4 
No. of observations: 29 

Partition table:
                     Df R.squared Adj.R.squared Testable
[a+b] = X1            1   0.51890       0.50108     TRUE
[b+c] = X2            1   0.28034       0.25369     TRUE
[a+b+c] = X1+X2       2   0.55517       0.52096     TRUE
Individual fractions                                    
[a] = X1|X2           1                 0.26727     TRUE
[b]                   0                 0.23381    FALSE
[c] = X2|X1           1                 0.01988     TRUE
[d] = Residuals                         0.47904    FALSE
---
Use function ‘rda’ to test significance of fractions of interest
Permutation test for rda under reduced model
Permutation: free
Number of permutations: 999

Model: rda(formula = sqrt(nem.taxa[-9, ]) ~ soil.chem[-9, i] + Condition(RateM[-9]))
         Df Variance      F Pr(>F)  
Model     1    7.887 2.1204  0.096 .
Residual 26   96.706                
---
Signif. codes:  0 ‘***’ 0.001 ‘**’ 0.01 ‘*’ 0.05 ‘.’ 0.1 ‘ ’ 1
[1] "Clay.pc"

Partition of variance in RDA 

Call: varpart(Y = sqrt(nem.taxa[-9, ]), X = ~RateM[-9], soil.chem[-9, i])

Explanatory tables:
X1:  ~RateM[-9]
X2:  soil.chem[-9, i] 

No. of explanatory tables: 2 
Total variation (SS): 6087.3 
            Variance: 217.4 
No. of observations: 29 

Partition table:
                     Df R.squared Adj.R.squared Testable
[a+b] = X1            1   0.51890       0.50108     TRUE
[b+c] = X2            1   0.10664       0.07356     TRUE
[a+b+c] = X1+X2       2   0.53629       0.50062     TRUE
Individual fractions                                    
[a] = X1|X2           1                 0.42706     TRUE
[b]                   0                 0.07402    FALSE
[c] = X2|X1           1                -0.00046     TRUE
[d] = Residuals                         0.49938    FALSE
---
Use function ‘rda’ to test significance of fractions of interest
Permutation test for rda under reduced model
Permutation: free
Number of permutations: 999

Model: rda(formula = sqrt(nem.taxa[-9, ]) ~ soil.chem[-9, i] + Condition(RateM[-9]))
         Df Variance     F Pr(>F)
Model     1    3.781 0.975  0.324
Residual 26  100.812             
[1] "Sand.pc"

Partition of variance in RDA 

Call: varpart(Y = sqrt(nem.taxa[-9, ]), X = ~RateM[-9], soil.chem[-9, i])

Explanatory tables:
X1:  ~RateM[-9]
X2:  soil.chem[-9, i] 

No. of explanatory tables: 2 
Total variation (SS): 6087.3 
            Variance: 217.4 
No. of observations: 29 

Partition table:
                     Df R.squared Adj.R.squared Testable
[a+b] = X1            1   0.51890       0.50108     TRUE
[b+c] = X2            1   0.12072       0.08815     TRUE
[a+b+c] = X1+X2       2   0.54814       0.51338     TRUE
Individual fractions                                    
[a] = X1|X2           1                 0.42523     TRUE
[b]                   0                 0.07585    FALSE
[c] = X2|X1           1                 0.01231     TRUE
[d] = Residuals                         0.48662    FALSE
---
Use function ‘rda’ to test significance of fractions of interest
Permutation test for rda under reduced model
Permutation: free
Number of permutations: 999

Model: rda(formula = sqrt(nem.taxa[-9, ]) ~ soil.chem[-9, i] + Condition(RateM[-9]))
         Df Variance      F Pr(>F)
Model     1    6.358 1.6828  0.157
Residual 26   98.235              
[1] "Silt.pc"

Partition of variance in RDA 

Call: varpart(Y = sqrt(nem.taxa[-9, ]), X = ~RateM[-9], soil.chem[-9, i])

Explanatory tables:
X1:  ~RateM[-9]
X2:  soil.chem[-9, i] 

No. of explanatory tables: 2 
Total variation (SS): 6087.3 
            Variance: 217.4 
No. of observations: 29 

Partition table:
                     Df R.squared Adj.R.squared Testable
[a+b] = X1            1   0.51890       0.50108     TRUE
[b+c] = X2            1   0.06910       0.03462     TRUE
[a+b+c] = X1+X2       2   0.54167       0.50642     TRUE
Individual fractions                                    
[a] = X1|X2           1                 0.47179     TRUE
[b]                   0                 0.02928    FALSE
[c] = X2|X1           1                 0.00534     TRUE
[d] = Residuals                         0.49358    FALSE
---
Use function ‘rda’ to test significance of fractions of interest
Permutation test for rda under reduced model
Permutation: free
Number of permutations: 999

Model: rda(formula = sqrt(nem.taxa[-9, ]) ~ soil.chem[-9, i] + Condition(RateM[-9]))
         Df Variance     F Pr(>F)
Model     1    4.951 1.292  0.226
Residual 26   99.642             
[1] "Texture.numeric"

Partition of variance in RDA 

Call: varpart(Y = sqrt(nem.taxa[-9, ]), X = ~RateM[-9], soil.chem[-9, i])

Explanatory tables:
X1:  ~RateM[-9]
X2:  soil.chem[-9, i] 

No. of explanatory tables: 2 
Total variation (SS): 6087.3 
            Variance: 217.4 
No. of observations: 29 

Partition table:
                     Df R.squared Adj.R.squared Testable
[a+b] = X1            1   0.51890       0.50108     TRUE
[b+c] = X2            1   0.04785       0.01258     TRUE
[a+b+c] = X1+X2       2   0.56865       0.53547     TRUE
Individual fractions                                    
[a] = X1|X2           1                 0.52289     TRUE
[b]                   0                -0.02181    FALSE
[c] = X2|X1           1                 0.03439     TRUE
[d] = Residuals                         0.46453    FALSE
---
Use function ‘rda’ to test significance of fractions of interest
Permutation test for rda under reduced model
Permutation: free
Number of permutations: 999

Model: rda(formula = sqrt(nem.taxa[-9, ]) ~ soil.chem[-9, i] + Condition(RateM[-9]))
         Df Variance      F Pr(>F)  
Model     1   10.817 2.9991  0.056 .
Residual 26   93.776                
---
Signif. codes:  0 ‘***’ 0.001 ‘**’ 0.01 ‘*’ 0.05 ‘.’ 0.1 ‘ ’ 1
[1] "P.env.risk"

Partition of variance in RDA 

Call: varpart(Y = sqrt(nem.taxa[-9, ]), X = ~RateM[-9], soil.chem[-9, i])

Explanatory tables:
X1:  ~RateM[-9]
X2:  soil.chem[-9, i] 

No. of explanatory tables: 2 
Total variation (SS): 6087.3 
            Variance: 217.4 
No. of observations: 29 

Partition table:
                     Df R.squared Adj.R.squared Testable
[a+b] = X1            1   0.51890       0.50108     TRUE
[b+c] = X2            1   0.01812      -0.01825     TRUE
[a+b+c] = X1+X2       2   0.54573       0.51079     TRUE
Individual fractions                                    
[a] = X1|X2           1                 0.52904     TRUE
[b]                   0                -0.02796    FALSE
[c] = X2|X1           1                 0.00971     TRUE
[d] = Residuals                         0.48921    FALSE
---
Use function ‘rda’ to test significance of fractions of interest
Permutation test for rda under reduced model
Permutation: free
Number of permutations: 999

Model: rda(formula = sqrt(nem.taxa[-9, ]) ~ soil.chem[-9, i] + Condition(RateM[-9]))
         Df Variance      F Pr(>F)
Model     1    5.834 1.5358  0.215
Residual 26   98.759              
[1] "Grass.index"

Partition of variance in RDA 

Call: varpart(Y = sqrt(nem.taxa[-9, ]), X = ~RateM[-9], soil.chem[-9, i])

Explanatory tables:
X1:  ~RateM[-9]
X2:  soil.chem[-9, i] 

No. of explanatory tables: 2 
Total variation (SS): 6087.3 
            Variance: 217.4 
No. of observations: 29 

Partition table:
                     Df R.squared Adj.R.squared Testable
[a+b] = X1            1   0.51890       0.50108     TRUE
[b+c] = X2            1   0.22628       0.19763     TRUE
[a+b+c] = X1+X2       2   0.54799       0.51322     TRUE
Individual fractions                                    
[a] = X1|X2           1                 0.31560     TRUE
[b]                   0                 0.18548    FALSE
[c] = X2|X1           1                 0.01215     TRUE
[d] = Residuals                         0.48678    FALSE
---
Use function ‘rda’ to test significance of fractions of interest
Permutation test for rda under reduced model
Permutation: free
Number of permutations: 999

Model: rda(formula = sqrt(nem.taxa[-9, ]) ~ soil.chem[-9, i] + Condition(RateM[-9]))
         Df Variance      F Pr(>F)
Model     1    6.326 1.6737  0.168
Residual 26   98.267              
null device 
          1 
